<?xml version="1.0" encoding="UTF-8"?>
<testsuite name="com.piyush.thoughtflow.domain.session.VoiceSessionStateMachineTest" tests="6" skipped="0" failures="0" errors="0" timestamp="2026-08-02T04:44:40.147Z" hostname="cursor" time="0.029">
  <properties/>
  <testcase name="fail_createsRecoverableError" classname="com.piyush.thoughtflow.domain.session.VoiceSessionStateMachineTest" time="0.002"/>
  <testcase name="formattingComplete_goesToEditing" classname="com.piyush.thoughtflow.domain.session.VoiceSessionStateMachineTest" time="0.0"/>
  <testcase name="finishListening_goesToFormatting" classname="com.piyush.thoughtflow.domain.session.VoiceSessionStateMachineTest" time="0.0"/>
  <testcase name="transcriptUpdate_promotesListeningToTranscribing" classname="com.piyush.thoughtflow.domain.session.VoiceSessionStateMachineTest" time="0.015"/>
  <testcase name="saved_thenReset_returnsIdle" classname="com.piyush.thoughtflow.domain.session.VoiceSessionStateMachineTest" time="0.005"/>
  <testcase name="startListening_fromIdle_goesToListening" classname="com.piyush.thoughtflow.domain.session.VoiceSessionStateMachineTest" time="0.0"/>
  <system-out><![CDATA[]]></system-out>
  <system-err><![CDATA[]]></system-err>
</testsuite>
